app/build/intermediates/manifest_merge_blame_file/debug/manifest-merger-blame-debug-report.txt
1<?xml version="1.0" encoding="utf-8"?>
2<manifest xmlns:android="http://schemas.android.com/apk/res/android"
3    package="com.example.experimentify"
4    android:versionCode="1"
5    android:versionName="1.0" >
6
7    <uses-sdk
8        android:minSdkVersion="24"
8-->src\main\AndroidManifest.xml
9        android:targetSdkVersion="30" />
9-->src\main\AndroidManifest.xml
10
11    <uses-permission android:name="android.permission.INTERNET" />
11-->src\main\AndroidManifest.xml:5:5-67
11-->src\main\AndroidManifest.xml:5:22-64
12    <uses-permission android:name="android.permission.ACCESS_FINE_LOCATION" />
12-->src\main\AndroidManifest.xml:6:5-79
12-->src\main\AndroidManifest.xml:6:22-76
13    <uses-permission android:name="android.permission.ACCESS_COARSE_LOCATION" />
13-->src\main\AndroidManifest.xml:7:5-81
13-->src\main\AndroidManifest.xml:7:22-78
14
15    <!-- Although the *SdkVersion is captured in gradle build files, this is required for non gradle builds -->
16    <!-- <uses-sdk android:minSdkVersion="14" /> -->
17    <uses-permission android:name="android.permission.ACCESS_NETWORK_STATE" />
17-->[com.google.firebase:firebase-firestore:22.1.1] AndroidManifest.xml:13:5-79
17-->[com.google.firebase:firebase-firestore:22.1.1] AndroidManifest.xml:13:22-76
18    <uses-permission android:name="android.permission.CAMERA" /> <!-- Don't require camera, as this requires a rear camera. This allows it to work on the Nexus 7 -->
18-->[com.journeyapps:zxing-android-embedded:4.1.0] AndroidManifest.xml:22:5-65
18-->[com.journeyapps:zxing-android-embedded:4.1.0] AndroidManifest.xml:22:22-62
19    <uses-feature
19-->[com.journeyapps:zxing-android-embedded:4.1.0] AndroidManifest.xml:25:5-27:36
20        android:name="android.hardware.camera"
20-->[com.journeyapps:zxing-android-embedded:4.1.0] AndroidManifest.xml:26:9-47
21        android:required="false" />
21-->[com.journeyapps:zxing-android-embedded:4.1.0] AndroidManifest.xml:27:9-33
22    <uses-feature
22-->[com.journeyapps:zxing-android-embedded:4.1.0] AndroidManifest.xml:28:5-30:36
23        android:name="android.hardware.camera.front"
23-->[com.journeyapps:zxing-android-embedded:4.1.0] AndroidManifest.xml:29:9-53
24        android:required="false" /> <!-- TODO replace above two with next line after Android 4.2 -->
24-->[com.journeyapps:zxing-android-embedded:4.1.0] AndroidManifest.xml:30:9-33
25    <!-- <uses-feature android:name="android.hardware.camera.any"/> -->
26    <uses-feature
26-->[com.journeyapps:zxing-android-embedded:4.1.0] AndroidManifest.xml:33:5-35:36
27        android:name="android.hardware.camera.autofocus"
27-->[com.journeyapps:zxing-android-embedded:4.1.0] AndroidManifest.xml:34:9-57
28        android:required="false" />
28-->[com.journeyapps:zxing-android-embedded:4.1.0] AndroidManifest.xml:35:9-33
29    <uses-feature
29-->[com.journeyapps:zxing-android-embedded:4.1.0] AndroidManifest.xml:36:5-38:36
30        android:name="android.hardware.camera.flash"
30-->[com.journeyapps:zxing-android-embedded:4.1.0] AndroidManifest.xml:37:9-53
31        android:required="false" />
31-->[com.journeyapps:zxing-android-embedded:4.1.0] AndroidManifest.xml:38:9-33
32    <uses-feature
32-->[com.journeyapps:zxing-android-embedded:4.1.0] AndroidManifest.xml:39:5-41:36
33        android:name="android.hardware.screen.landscape"
33-->[com.journeyapps:zxing-android-embedded:4.1.0] AndroidManifest.xml:40:9-57
34        android:required="false" />
34-->[com.journeyapps:zxing-android-embedded:4.1.0] AndroidManifest.xml:41:9-33
35    <uses-feature
35-->[com.journeyapps:zxing-android-embedded:4.1.0] AndroidManifest.xml:42:5-44:36
36        android:name="android.hardware.wifi"
36-->[com.journeyapps:zxing-android-embedded:4.1.0] AndroidManifest.xml:43:9-45
37        android:required="false" />
37-->[com.journeyapps:zxing-android-embedded:4.1.0] AndroidManifest.xml:44:9-33
38    <uses-feature
38-->[com.google.android.gms:play-services-maps:17.0.0] AndroidManifest.xml:26:5-28:35
39        android:glEsVersion="0x00020000"
39-->[com.google.android.gms:play-services-maps:17.0.0] AndroidManifest.xml:27:9-41
40        android:required="true" />
40-->[com.google.android.gms:play-services-maps:17.0.0] AndroidManifest.xml:28:9-32
41
42    <uses-permission android:name="android.permission.WAKE_LOCK" />
42-->[com.google.android.gms:play-services-measurement-api:18.0.2] AndroidManifest.xml:24:5-68
42-->[com.google.android.gms:play-services-measurement-api:18.0.2] AndroidManifest.xml:24:22-65
43    <uses-permission android:name="com.google.android.finsky.permission.BIND_GET_INSTALL_REFERRER_SERVICE" />
43-->[com.google.android.gms:play-services-measurement:18.0.2] AndroidManifest.xml:26:5-110
43-->[com.google.android.gms:play-services-measurement:18.0.2] AndroidManifest.xml:26:22-107
44
45    <application
45-->src\main\AndroidManifest.xml:9:5-57:19
46        android:allowBackup="true"
46-->src\main\AndroidManifest.xml:10:9-35
47        android:appComponentFactory="androidx.core.app.CoreComponentFactory"
47-->[androidx.core:core:1.3.1] AndroidManifest.xml:24:18-86
48        android:debuggable="true"
49        android:extractNativeLibs="false"
50        android:icon="@mipmap/ic_launcher"
50-->src\main\AndroidManifest.xml:11:9-43
51        android:label="@string/app_name"
51-->src\main\AndroidManifest.xml:12:9-41
52        android:roundIcon="@mipmap/ic_launcher_round"
52-->src\main\AndroidManifest.xml:13:9-54
53        android:supportsRtl="true"
53-->src\main\AndroidManifest.xml:14:9-35
54        android:testOnly="true"
55        android:theme="@style/Theme.Experimentify" >
55-->src\main\AndroidManifest.xml:15:9-51
56        <activity android:name="com.example.experimentify.ParticipantsActivity" />
56-->src\main\AndroidManifest.xml:16:9-67
56-->src\main\AndroidManifest.xml:16:19-55
57        <activity android:name="com.example.experimentify.StatsActivity" />
57-->src\main\AndroidManifest.xml:17:9-51
57-->src\main\AndroidManifest.xml:17:19-48
58        <activity
58-->src\main\AndroidManifest.xml:18:9-20:43
59            android:name="com.example.experimentify.MapActivity"
59-->src\main\AndroidManifest.xml:19:13-40
60            android:label="MapActivity" />
60-->src\main\AndroidManifest.xml:20:13-40
61        <!--
62             The API key for Google Maps-based APIs is defined as a string resource.
63             (See the file "res/values/google_maps_api.xml").
64             Note that the API key is linked to the encryption key used to sign the APK.
65             You need a different API key for each encryption key, including the release key that is used to
66             sign the APK for publishing.
67             You can define the keys for the debug and release targets in src/debug/ and src/release/.
68        -->
69        <meta-data
69-->src\main\AndroidManifest.xml:29:9-31:71
70            android:name="com.google.android.geo.API_KEY"
70-->src\main\AndroidManifest.xml:30:13-58
71            android:value="AIzaSyCQvFAt13cGTs9QMLO5a5fH1I3OyfzdZ7g" />
71-->src\main\AndroidManifest.xml:31:13-68
72
73        <activity android:name="com.example.experimentify.chatAnswerActivity" />
73-->src\main\AndroidManifest.xml:33:9-56
73-->src\main\AndroidManifest.xml:33:19-53
74        <activity android:name="com.example.experimentify.chatQuestionActivity" />
74-->src\main\AndroidManifest.xml:34:9-58
74-->src\main\AndroidManifest.xml:34:19-55
75        <activity
75-->src\main\AndroidManifest.xml:35:9-38:58
76            android:name="com.example.experimentify.SubscribedActivity"
76-->src\main\AndroidManifest.xml:36:13-47
77            android:label="@string/sub_activity_label"
77-->src\main\AndroidManifest.xml:37:13-55
78            android:parentActivityName="com.example.experimentify.MainActivity" />
78-->src\main\AndroidManifest.xml:38:13-55
79        <activity android:name="com.example.experimentify.qrScanActivity" />
79-->src\main\AndroidManifest.xml:39:9-40:46
79-->src\main\AndroidManifest.xml:40:13-43
80        <activity
80-->src\main\AndroidManifest.xml:41:9-43:65
81            android:name="com.example.experimentify.ExperimentActivity"
81-->src\main\AndroidManifest.xml:42:13-47
82            android:label="@string/title_activity_experiment" />
82-->src\main\AndroidManifest.xml:43:13-62
83        <activity
83-->src\main\AndroidManifest.xml:44:9-53:20
84            android:name="com.example.experimentify.MainActivity"
84-->src\main\AndroidManifest.xml:45:13-41
85            android:label="@string/app_name"
85-->src\main\AndroidManifest.xml:46:13-45
86            android:theme="@style/Theme.Experimentify.NoActionBar" >
86-->src\main\AndroidManifest.xml:47:13-67
87            <intent-filter>
87-->src\main\AndroidManifest.xml:48:13-52:29
88                <action android:name="android.intent.action.MAIN" />
88-->src\main\AndroidManifest.xml:49:17-69
88-->src\main\AndroidManifest.xml:49:25-66
89
90                <category android:name="android.intent.category.LAUNCHER" />
90-->src\main\AndroidManifest.xml:51:17-77
90-->src\main\AndroidManifest.xml:51:27-74
91            </intent-filter>
92        </activity>
93        <activity
93-->src\main\AndroidManifest.xml:54:9-56:58
94            android:name="com.example.experimentify.SearchResults"
94-->src\main\AndroidManifest.xml:55:13-42
95            android:parentActivityName="com.example.experimentify.MainActivity" />
95-->src\main\AndroidManifest.xml:56:13-55
96
97        <service
97-->[com.google.firebase:firebase-firestore:22.1.1] AndroidManifest.xml:17:9-23:19
98            android:name="com.google.firebase.components.ComponentDiscoveryService"
98-->[com.google.firebase:firebase-firestore:22.1.1] AndroidManifest.xml:18:13-84
99            android:directBootAware="true"
99-->[com.google.firebase:firebase-common:19.5.0] AndroidManifest.xml:35:13-43
100            android:exported="false" >
100-->[com.google.firebase:firebase-firestore:22.1.1] AndroidManifest.xml:19:13-37
101            <meta-data
101-->[com.google.firebase:firebase-firestore:22.1.1] AndroidManifest.xml:20:13-22:85
102                android:name="com.google.firebase.components:com.google.firebase.firestore.FirestoreRegistrar"
102-->[com.google.firebase:firebase-firestore:22.1.1] AndroidManifest.xml:21:17-111
103                android:value="com.google.firebase.components.ComponentRegistrar" />
103-->[com.google.firebase:firebase-firestore:22.1.1] AndroidManifest.xml:22:17-82
104            <meta-data
104-->[com.google.firebase:firebase-auth:20.0.3] AndroidManifest.xml:77:13-79:85
105                android:name="com.google.firebase.components:com.google.firebase.auth.FirebaseAuthRegistrar"
105-->[com.google.firebase:firebase-auth:20.0.3] AndroidManifest.xml:78:17-109
106                android:value="com.google.firebase.components.ComponentRegistrar" />
106-->[com.google.firebase:firebase-auth:20.0.3] AndroidManifest.xml:79:17-82
107            <meta-data
107-->[com.google.android.gms:play-services-measurement-api:18.0.2] AndroidManifest.xml:30:13-32:85
108                android:name="com.google.firebase.components:com.google.firebase.analytics.connector.internal.AnalyticsConnectorRegistrar"
108-->[com.google.android.gms:play-services-measurement-api:18.0.2] AndroidManifest.xml:31:17-139
109                android:value="com.google.firebase.components.ComponentRegistrar" />
109-->[com.google.android.gms:play-services-measurement-api:18.0.2] AndroidManifest.xml:32:17-82
110            <meta-data
110-->[com.google.firebase:firebase-installations:16.3.5] AndroidManifest.xml:18:13-20:85
111                android:name="com.google.firebase.components:com.google.firebase.installations.FirebaseInstallationsRegistrar"
111-->[com.google.firebase:firebase-installations:16.3.5] AndroidManifest.xml:19:17-127
112                android:value="com.google.firebase.components.ComponentRegistrar" />
112-->[com.google.firebase:firebase-installations:16.3.5] AndroidManifest.xml:20:17-82
113            <!--
114                This registrar is not defined in the dynamic-module-support sdk itself to allow non-firebase
115                clients to use it as well, by defining this registrar in their own core/common library.
116            -->
117            <meta-data
117-->[com.google.firebase:firebase-common:19.5.0] AndroidManifest.xml:43:13-45:85
118                android:name="com.google.firebase.components:com.google.firebase.dynamicloading.DynamicLoadingRegistrar"
118-->[com.google.firebase:firebase-common:19.5.0] AndroidManifest.xml:44:17-121
119                android:value="com.google.firebase.components.ComponentRegistrar" />
119-->[com.google.firebase:firebase-common:19.5.0] AndroidManifest.xml:45:17-82
120        </service>
121
122        <activity
122-->[com.journeyapps:zxing-android-embedded:4.1.0] AndroidManifest.xml:47:9-53:63
123            android:name="com.journeyapps.barcodescanner.CaptureActivity"
123-->[com.journeyapps:zxing-android-embedded:4.1.0] AndroidManifest.xml:48:13-74
124            android:clearTaskOnLaunch="true"
124-->[com.journeyapps:zxing-android-embedded:4.1.0] AndroidManifest.xml:49:13-45
125            android:screenOrientation="sensorLandscape"
125-->[com.journeyapps:zxing-android-embedded:4.1.0] AndroidManifest.xml:50:13-56
126            android:stateNotNeeded="true"
126-->[com.journeyapps:zxing-android-embedded:4.1.0] AndroidManifest.xml:51:13-42
127            android:theme="@style/zxing_CaptureTheme"
127-->[com.journeyapps:zxing-android-embedded:4.1.0] AndroidManifest.xml:52:13-54
128            android:windowSoftInputMode="stateAlwaysHidden" /> <!-- Needs to be explicitly declared on P+ -->
128-->[com.journeyapps:zxing-android-embedded:4.1.0] AndroidManifest.xml:53:13-60
129        <uses-library
129-->[com.google.android.gms:play-services-maps:17.0.0] AndroidManifest.xml:33:9-35:40
130            android:name="org.apache.http.legacy"
130-->[com.google.android.gms:play-services-maps:17.0.0] AndroidManifest.xml:34:13-50
131            android:required="false" />
131-->[com.google.android.gms:play-services-maps:17.0.0] AndroidManifest.xml:35:13-37
132
133        <activity
133-->[com.google.firebase:firebase-auth:20.0.3] AndroidManifest.xml:27:9-44:20
134            android:name="com.google.firebase.auth.internal.GenericIdpActivity"
134-->[com.google.firebase:firebase-auth:20.0.3] AndroidManifest.xml:28:13-80
135            android:excludeFromRecents="true"
135-->[com.google.firebase:firebase-auth:20.0.3] AndroidManifest.xml:29:13-46
136            android:exported="true"
136-->[com.google.firebase:firebase-auth:20.0.3] AndroidManifest.xml:30:13-36
137            android:launchMode="singleTask"
137-->[com.google.firebase:firebase-auth:20.0.3] AndroidManifest.xml:31:13-44
138            android:theme="@android:style/Theme.Translucent.NoTitleBar" >
138-->[com.google.firebase:firebase-auth:20.0.3] AndroidManifest.xml:32:13-72
139            <intent-filter>
139-->[com.google.firebase:firebase-auth:20.0.3] AndroidManifest.xml:33:13-43:29
140                <action android:name="android.intent.action.VIEW" />
140-->[com.google.firebase:firebase-auth:20.0.3] AndroidManifest.xml:34:17-69
140-->[com.google.firebase:firebase-auth:20.0.3] AndroidManifest.xml:34:25-66
141
142                <category android:name="android.intent.category.DEFAULT" />
142-->[com.google.firebase:firebase-auth:20.0.3] AndroidManifest.xml:36:17-76
142-->[com.google.firebase:firebase-auth:20.0.3] AndroidManifest.xml:36:27-73
143                <category android:name="android.intent.category.BROWSABLE" />
143-->[com.google.firebase:firebase-auth:20.0.3] AndroidManifest.xml:37:17-78
143-->[com.google.firebase:firebase-auth:20.0.3] AndroidManifest.xml:37:27-75
144
145                <data
145-->[com.google.firebase:firebase-auth:20.0.3] AndroidManifest.xml:39:17-42:51
146                    android:host="firebase.auth"
146-->[com.google.firebase:firebase-auth:20.0.3] AndroidManifest.xml:40:21-49
147                    android:path="/"
147-->[com.google.firebase:firebase-auth:20.0.3] AndroidManifest.xml:41:21-37
148                    android:scheme="genericidp" />
148-->[com.google.firebase:firebase-auth:20.0.3] AndroidManifest.xml:42:21-48
149            </intent-filter>
150        </activity>
151        <activity
151-->[com.google.firebase:firebase-auth:20.0.3] AndroidManifest.xml:45:9-62:20
152            android:name="com.google.firebase.auth.internal.RecaptchaActivity"
152-->[com.google.firebase:firebase-auth:20.0.3] AndroidManifest.xml:46:13-79
153            android:excludeFromRecents="true"
153-->[com.google.firebase:firebase-auth:20.0.3] AndroidManifest.xml:47:13-46
154            android:exported="true"
154-->[com.google.firebase:firebase-auth:20.0.3] AndroidManifest.xml:48:13-36
155            android:launchMode="singleTask"
155-->[com.google.firebase:firebase-auth:20.0.3] AndroidManifest.xml:49:13-44
156            android:theme="@android:style/Theme.Translucent.NoTitleBar" >
156-->[com.google.firebase:firebase-auth:20.0.3] AndroidManifest.xml:50:13-72
157            <intent-filter>
157-->[com.google.firebase:firebase-auth:20.0.3] AndroidManifest.xml:51:13-61:29
158                <action android:name="android.intent.action.VIEW" />
158-->[com.google.firebase:firebase-auth:20.0.3] AndroidManifest.xml:34:17-69
158-->[com.google.firebase:firebase-auth:20.0.3] AndroidManifest.xml:34:25-66
159
160                <category android:name="android.intent.category.DEFAULT" />
160-->[com.google.firebase:firebase-auth:20.0.3] AndroidManifest.xml:36:17-76
160-->[com.google.firebase:firebase-auth:20.0.3] AndroidManifest.xml:36:27-73
161                <category android:name="android.intent.category.BROWSABLE" />
161-->[com.google.firebase:firebase-auth:20.0.3] AndroidManifest.xml:37:17-78
161-->[com.google.firebase:firebase-auth:20.0.3] AndroidManifest.xml:37:27-75
162
163                <data
163-->[com.google.firebase:firebase-auth:20.0.3] AndroidManifest.xml:39:17-42:51
164                    android:host="firebase.auth"
164-->[com.google.firebase:firebase-auth:20.0.3] AndroidManifest.xml:40:21-49
165                    android:path="/"
165-->[com.google.firebase:firebase-auth:20.0.3] AndroidManifest.xml:41:21-37
166                    android:scheme="recaptcha" />
166-->[com.google.firebase:firebase-auth:20.0.3] AndroidManifest.xml:42:21-48
167            </intent-filter>
168        </activity>
169
170        <service
170-->[com.google.firebase:firebase-auth:20.0.3] AndroidManifest.xml:64:9-73:19
171            android:name="com.google.firebase.auth.api.fallback.service.FirebaseAuthFallbackService"
171-->[com.google.firebase:firebase-auth:20.0.3] AndroidManifest.xml:65:13-101
172            android:enabled="true"
172-->[com.google.firebase:firebase-auth:20.0.3] AndroidManifest.xml:66:13-35
173            android:exported="false" >
173-->[com.google.firebase:firebase-auth:20.0.3] AndroidManifest.xml:67:13-37
174            <intent-filter>
174-->[com.google.firebase:firebase-auth:20.0.3] AndroidManifest.xml:68:13-72:29
175                <action android:name="com.google.firebase.auth.api.gms.service.START" />
175-->[com.google.firebase:firebase-auth:20.0.3] AndroidManifest.xml:69:17-89
175-->[com.google.firebase:firebase-auth:20.0.3] AndroidManifest.xml:69:25-86
176
177                <category android:name="android.intent.category.DEFAULT" />
177-->[com.google.firebase:firebase-auth:20.0.3] AndroidManifest.xml:36:17-76
177-->[com.google.firebase:firebase-auth:20.0.3] AndroidManifest.xml:36:27-73
178            </intent-filter>
179        </service>
180
181        <provider
181-->[com.google.firebase:firebase-common:19.5.0] AndroidManifest.xml:26:9-31:39
182            android:name="com.google.firebase.provider.FirebaseInitProvider"
182-->[com.google.firebase:firebase-common:19.5.0] AndroidManifest.xml:27:13-77
183            android:authorities="com.example.experimentify.firebaseinitprovider"
183-->[com.google.firebase:firebase-common:19.5.0] AndroidManifest.xml:28:13-72
184            android:directBootAware="true"
184-->[com.google.firebase:firebase-common:19.5.0] AndroidManifest.xml:29:13-43
185            android:exported="false"
185-->[com.google.firebase:firebase-common:19.5.0] AndroidManifest.xml:30:13-37
186            android:initOrder="100" />
186-->[com.google.firebase:firebase-common:19.5.0] AndroidManifest.xml:31:13-36
187
188        <receiver
188-->[com.google.android.gms:play-services-measurement:18.0.2] AndroidManifest.xml:29:9-33:20
189            android:name="com.google.android.gms.measurement.AppMeasurementReceiver"
189-->[com.google.android.gms:play-services-measurement:18.0.2] AndroidManifest.xml:30:13-85
190            android:enabled="true"
190-->[com.google.android.gms:play-services-measurement:18.0.2] AndroidManifest.xml:31:13-35
191            android:exported="false" >
191-->[com.google.android.gms:play-services-measurement:18.0.2] AndroidManifest.xml:32:13-37
192        </receiver>
193
194        <service
194-->[com.google.android.gms:play-services-measurement:18.0.2] AndroidManifest.xml:35:9-38:40
195            android:name="com.google.android.gms.measurement.AppMeasurementService"
195-->[com.google.android.gms:play-services-measurement:18.0.2] AndroidManifest.xml:36:13-84
196            android:enabled="true"
196-->[com.google.android.gms:play-services-measurement:18.0.2] AndroidManifest.xml:37:13-35
197            android:exported="false" />
197-->[com.google.android.gms:play-services-measurement:18.0.2] AndroidManifest.xml:38:13-37
198        <service
198-->[com.google.android.gms:play-services-measurement:18.0.2] AndroidManifest.xml:39:9-43:72
199            android:name="com.google.android.gms.measurement.AppMeasurementJobService"
199-->[com.google.android.gms:play-services-measurement:18.0.2] AndroidManifest.xml:40:13-87
200            android:enabled="true"
200-->[com.google.android.gms:play-services-measurement:18.0.2] AndroidManifest.xml:41:13-35
201            android:exported="false"
201-->[com.google.android.gms:play-services-measurement:18.0.2] AndroidManifest.xml:42:13-37
202            android:permission="android.permission.BIND_JOB_SERVICE" />
202-->[com.google.android.gms:play-services-measurement:18.0.2] AndroidManifest.xml:43:13-69
203
204        <activity
204-->[com.google.android.gms:play-services-base:17.5.0] AndroidManifest.xml:23:9-26:75
205            android:name="com.google.android.gms.common.api.GoogleApiActivity"
205-->[com.google.android.gms:play-services-base:17.5.0] AndroidManifest.xml:24:13-79
206            android:exported="false"
206-->[com.google.android.gms:play-services-base:17.5.0] AndroidManifest.xml:25:13-37
207            android:theme="@android:style/Theme.Translucent.NoTitleBar" />
207-->[com.google.android.gms:play-services-base:17.5.0] AndroidManifest.xml:26:13-72
208
209        <meta-data
209-->[com.google.android.gms:play-services-basement:17.5.0] AndroidManifest.xml:23:9-25:69
210            android:name="com.google.android.gms.version"
210-->[com.google.android.gms:play-services-basement:17.5.0] AndroidManifest.xml:24:13-58
211            android:value="@integer/google_play_services_version" />
211-->[com.google.android.gms:play-services-basement:17.5.0] AndroidManifest.xml:25:13-66
212    </application>
213
214</manifest>